<?xml version="1.0" encoding="UTF-8"?>
<testsuite xmlns:xsi="http://www.w3.org/2001/XMLSchema-instance" xsi:noNamespaceSchemaLocation="https://maven.apache.org/surefire/maven-surefire-plugin/xsd/surefire-test-report-3.0.xsd" version="3.0" name="com.mercadolibre.saedsap_demo_app.service.ParserXMLTest" time="0.03" tests="3" errors="0" skipped="0" failures="0">
  <properties>
    <property name="gopherProxySet" value="false"/>
    <property name="awt.toolkit" value="sun.lwawt.macosx.LWCToolkit"/>
    <property name="file.encoding.pkg" value="sun.io"/>
    <property name="java.specification.version" value="1.8"/>
    <property name="sun.cpu.isalist" value=""/>
    <property name="sun.jnu.encoding" value="UTF-8"/>
    <property name="java.class.path" value="/Users/ssantillan/.m2/repository/org/apache/maven/surefire/surefire-booter/3.0.0-M5/surefire-booter-3.0.0-M5.jar:/Users/ssantillan/.m2/repository/org/apache/maven/surefire/surefire-api/3.0.0-M5/surefire-api-3.0.0-M5.jar:/Users/ssantillan/.m2/repository/org/apache/maven/surefire/surefire-logger-api/3.0.0-M5/surefire-logger-api-3.0.0-M5.jar:/Users/ssantillan/.m2/repository/org/apache/maven/surefire/surefire-shared-utils/3.0.0-M4/surefire-shared-utils-3.0.0-M4.jar:/Users/ssantillan/.m2/repository/org/apache/maven/surefire/surefire-extensions-spi/3.0.0-M5/surefire-extensions-spi-3.0.0-M5.jar:/Users/ssantillan/Documents/saedsapgit/saedsap_app/target/test-classes:/Users/ssantillan/Documents/saedsapgit/saedsap_app/target/classes:/Users/ssantillan/.m2/repository/com/mercadolibre/metrics/metrics-core/0.0.14/metrics-core-0.0.14.jar:/Users/ssantillan/.m2/repository/org/apache/commons/commons-lang3/3.12.0/commons-lang3-3.12.0.jar:/Users/ssantillan/.m2/repository/com/mercadolibre/metrics/datadog-metric-wrapper/0.0.14/datadog-metric-wrapper-0.0.14.jar:/Users/ssantillan/.m2/repository/fury/java/metric_collector/0.2.1/metric_collector-0.2.1.jar:/Users/ssantillan/.m2/repository/com/datadoghq/java-dogstatsd-client/2.4/java-dogstatsd-client-2.4.jar:/Users/ssantillan/.m2/repository/javadog/javadog/0.1.0/javadog-0.1.0.jar:/Users/ssantillan/.m2/repository/org/apache/directory/studio/org.apache.commons.io/2.4/org.apache.commons.io-2.4.jar:/Users/ssantillan/.m2/repository/commons-io/commons-io/2.4/commons-io-2.4.jar:/Users/ssantillan/.m2/repository/com/mercadolibre/threading/0.2.1/threading-0.2.1.jar:/Users/ssantillan/.m2/repository/com/mercadolibre/routing/2.4.1/routing-2.4.1.jar:/Users/ssantillan/.m2/repository/com/mercadolibre/restclient/meli-restclient-context/0.5.3/meli-restclient-context-0.5.3.jar:/Users/ssantillan/.m2/repository/com/mercadolibre/json_jackson/json-jackson/0.1.1/json-jackson-0.1.1.jar:/Users/ssantillan/.m2/repository/com/mercadolibre/json/json-core/0.1.1/json-core-0.1.1.jar:/Users/ssantillan/.m2/repository/com/fasterxml/jackson/core/jackson-databind/2.13.2.2/jackson-databind-2.13.2.2.jar:/Users/ssantillan/.m2/repository/com/fasterxml/jackson/core/jackson-annotations/2.13.2/jackson-annotations-2.13.2.jar:/Users/ssantillan/.m2/repository/com/fasterxml/jackson/module/jackson-module-afterburner/2.13.2/jackson-module-afterburner-2.13.2.jar:/Users/ssantillan/.m2/repository/com/fasterxml/jackson/datatype/jackson-datatype-jsr310/2.13.2/jackson-datatype-jsr310-2.13.2.jar:/Users/ssantillan/.m2/repository/org/springframework/boot/spring-boot-starter-web/2.6.6/spring-boot-starter-web-2.6.6.jar:/Users/ssantillan/.m2/repository/org/springframework/boot/spring-boot-starter/2.6.6/spring-boot-starter-2.6.6.jar:/Users/ssantillan/.m2/repository/org/springframework/boot/spring-boot/2.6.6/spring-boot-2.6.6.jar:/Users/ssantillan/.m2/repository/org/springframework/boot/spring-boot-autoconfigure/2.6.6/spring-boot-autoconfigure-2.6.6.jar:/Users/ssantillan/.m2/repository/org/springframework/boot/spring-boot-starter-logging/2.6.6/spring-boot-starter-logging-2.6.6.jar:/Users/ssantillan/.m2/repository/ch/qos/logback/logback-classic/1.2.11/logback-classic-1.2.11.jar:/Users/ssantillan/.m2/repository/ch/qos/logback/logback-core/1.2.11/logback-core-1.2.11.jar:/Users/ssantillan/.m2/repository/org/apache/logging/log4j/log4j-to-slf4j/2.17.2/log4j-to-slf4j-2.17.2.jar:/Users/ssantillan/.m2/repository/org/apache/logging/log4j/log4j-api/2.17.2/log4j-api-2.17.2.jar:/Users/ssantillan/.m2/repository/org/slf4j/jul-to-slf4j/1.7.36/jul-to-slf4j-1.7.36.jar:/Users/ssantillan/.m2/repository/jakarta/annotation/jakarta.annotation-api/1.3.5/jakarta.annotation-api-1.3.5.jar:/Users/ssantillan/.m2/repository/org/yaml/snakeyaml/1.29/snakeyaml-1.29.jar:/Users/ssantillan/.m2/repository/org/springframework/boot/spring-boot-starter-json/2.6.6/spring-boot-starter-json-2.6.6.jar:/Users/ssantillan/.m2/repository/com/fasterxml/jackson/datatype/jackson-datatype-jdk8/2.13.2/jackson-datatype-jdk8-2.13.2.jar:/Users/ssantillan/.m2/repository/com/fasterxml/jackson/module/jackson-module-parameter-names/2.13.2/jackson-module-parameter-names-2.13.2.jar:/Users/ssantillan/.m2/repository/org/springframework/spring-web/5.3.18/spring-web-5.3.18.jar:/Users/ssantillan/.m2/repository/org/springframework/spring-beans/5.3.18/spring-beans-5.3.18.jar:/Users/ssantillan/.m2/repository/org/springframework/spring-webmvc/5.3.18/spring-webmvc-5.3.18.jar:/Users/ssantillan/.m2/repository/org/springframework/spring-aop/5.3.18/spring-aop-5.3.18.jar:/Users/ssantillan/.m2/repository/org/springframework/spring-context/5.3.18/spring-context-5.3.18.jar:/Users/ssantillan/.m2/repository/org/springframework/spring-expression/5.3.18/spring-expression-5.3.18.jar:/Users/ssantillan/.m2/repository/org/springframework/boot/spring-boot-starter-jetty/2.6.6/spring-boot-starter-jetty-2.6.6.jar:/Users/ssantillan/.m2/repository/jakarta/servlet/jakarta.servlet-api/4.0.4/jakarta.servlet-api-4.0.4.jar:/Users/ssantillan/.m2/repository/jakarta/websocket/jakarta.websocket-api/1.1.2/jakarta.websocket-api-1.1.2.jar:/Users/ssantillan/.m2/repository/org/apache/tomcat/embed/tomcat-embed-el/9.0.60/tomcat-embed-el-9.0.60.jar:/Users/ssantillan/.m2/repository/org/eclipse/jetty/jetty-servlets/9.4.45.v20220203/jetty-servlets-9.4.45.v20220203.jar:/Users/ssantillan/.m2/repository/org/eclipse/jetty/jetty-continuation/9.4.45.v20220203/jetty-continuation-9.4.45.v20220203.jar:/Users/ssantillan/.m2/repository/org/eclipse/jetty/jetty-http/9.4.45.v20220203/jetty-http-9.4.45.v20220203.jar:/Users/ssantillan/.m2/repository/org/eclipse/jetty/jetty-util/9.4.45.v20220203/jetty-util-9.4.45.v20220203.jar:/Users/ssantillan/.m2/repository/org/eclipse/jetty/jetty-io/9.4.45.v20220203/jetty-io-9.4.45.v20220203.jar:/Users/ssantillan/.m2/repository/org/eclipse/jetty/jetty-webapp/9.4.45.v20220203/jetty-webapp-9.4.45.v20220203.jar:/Users/ssantillan/.m2/repository/org/eclipse/jetty/jetty-xml/9.4.45.v20220203/jetty-xml-9.4.45.v20220203.jar:/Users/ssantillan/.m2/repository/org/eclipse/jetty/jetty-servlet/9.4.45.v20220203/jetty-servlet-9.4.45.v20220203.jar:/Users/ssantillan/.m2/repository/org/eclipse/jetty/jetty-security/9.4.45.v20220203/jetty-security-9.4.45.v20220203.jar:/Users/ssantillan/.m2/repository/org/eclipse/jetty/jetty-server/9.4.45.v20220203/jetty-server-9.4.45.v20220203.jar:/Users/ssantillan/.m2/repository/org/eclipse/jetty/jetty-util-ajax/9.4.45.v20220203/jetty-util-ajax-9.4.45.v20220203.jar:/Users/ssantillan/.m2/repository/org/eclipse/jetty/websocket/websocket-server/9.4.45.v20220203/websocket-server-9.4.45.v20220203.jar:/Users/ssantillan/.m2/repository/org/eclipse/jetty/websocket/websocket-common/9.4.45.v20220203/websocket-common-9.4.45.v20220203.jar:/Users/ssantillan/.m2/repository/org/eclipse/jetty/websocket/websocket-api/9.4.45.v20220203/websocket-api-9.4.45.v20220203.jar:/Users/ssantillan/.m2/repository/org/eclipse/jetty/websocket/websocket-client/9.4.45.v20220203/websocket-client-9.4.45.v20220203.jar:/Users/ssantillan/.m2/repository/org/eclipse/jetty/jetty-client/9.4.45.v20220203/jetty-client-9.4.45.v20220203.jar:/Users/ssantillan/.m2/repository/org/eclipse/jetty/websocket/websocket-servlet/9.4.45.v20220203/websocket-servlet-9.4.45.v20220203.jar:/Users/ssantillan/.m2/repository/org/eclipse/jetty/websocket/javax-websocket-server-impl/9.4.45.v20220203/javax-websocket-server-impl-9.4.45.v20220203.jar:/Users/ssantillan/.m2/repository/org/eclipse/jetty/jetty-annotations/9.4.45.v20220203/jetty-annotations-9.4.45.v20220203.jar:/Users/ssantillan/.m2/repository/org/eclipse/jetty/jetty-plus/9.4.45.v20220203/jetty-plus-9.4.45.v20220203.jar:/Users/ssantillan/.m2/repository/org/ow2/asm/asm/9.2/asm-9.2.jar:/Users/ssantillan/.m2/repository/org/ow2/asm/asm-commons/9.2/asm-commons-9.2.jar:/Users/ssantillan/.m2/repository/org/ow2/asm/asm-tree/9.2/asm-tree-9.2.jar:/Users/ssantillan/.m2/repository/org/ow2/asm/asm-analysis/9.2/asm-analysis-9.2.jar:/Users/ssantillan/.m2/repository/org/eclipse/jetty/websocket/javax-websocket-client-impl/9.4.45.v20220203/javax-websocket-client-impl-9.4.45.v20220203.jar:/Users/ssantillan/.m2/repository/com/fasterxml/jackson/module/jackson-module-blackbird/2.13.2/jackson-module-blackbird-2.13.2.jar:/Users/ssantillan/.m2/repository/com/fasterxml/jackson/core/jackson-core/2.13.2/jackson-core-2.13.2.jar:/Users/ssantillan/.m2/repository/org/springdoc/springdoc-openapi-ui/1.6.3/springdoc-openapi-ui-1.6.3.jar:/Users/ssantillan/.m2/repository/org/springdoc/springdoc-openapi-webmvc-core/1.6.3/springdoc-openapi-webmvc-core-1.6.3.jar:/Users/ssantillan/.m2/repository/org/springdoc/springdoc-openapi-common/1.6.3/springdoc-openapi-common-1.6.3.jar:/Users/ssantillan/.m2/repository/io/swagger/core/v3/swagger-models/2.1.12/swagger-models-2.1.12.jar:/Users/ssantillan/.m2/repository/io/swagger/core/v3/swagger-annotations/2.1.12/swagger-annotations-2.1.12.jar:/Users/ssantillan/.m2/repository/io/swagger/core/v3/swagger-integration/2.1.12/swagger-integration-2.1.12.jar:/Users/ssantillan/.m2/repository/io/swagger/core/v3/swagger-core/2.1.12/swagger-core-2.1.12.jar:/Users/ssantillan/.m2/repository/com/fasterxml/jackson/dataformat/jackson-dataformat-yaml/2.13.2/jackson-dataformat-yaml-2.13.2.jar:/Users/ssantillan/.m2/repository/jakarta/validation/jakarta.validation-api/2.0.2/jakarta.validation-api-2.0.2.jar:/Users/ssantillan/.m2/repository/io/github/classgraph/classgraph/4.8.117/classgraph-4.8.117.jar:/Users/ssantillan/.m2/repository/io/github/toolfactory/jvm-driver/4.0.0/jvm-driver-4.0.0.jar:/Users/ssantillan/.m2/repository/io/github/toolfactory/narcissus/1.0.1/narcissus-1.0.1.jar:/Users/ssantillan/.m2/repository/org/webjars/swagger-ui/4.1.3/swagger-ui-4.1.3.jar:/Users/ssantillan/.m2/repository/org/webjars/webjars-locator-core/0.48/webjars-locator-core-0.48.jar:/Users/ssantillan/.m2/repository/com/newrelic/agent/java/newrelic-api/7.4.3/newrelic-api-7.4.3.jar:/Users/ssantillan/.m2/repository/org/junit/jupiter/junit-jupiter/5.8.2/junit-jupiter-5.8.2.jar:/Users/ssantillan/.m2/repository/org/junit/jupiter/junit-jupiter-api/5.8.2/junit-jupiter-api-5.8.2.jar:/Users/ssantillan/.m2/repository/org/opentest4j/opentest4j/1.2.0/opentest4j-1.2.0.jar:/Users/ssantillan/.m2/repository/org/junit/platform/junit-platform-commons/1.8.2/junit-platform-commons-1.8.2.jar:/Users/ssantillan/.m2/repository/org/apiguardian/apiguardian-api/1.1.2/apiguardian-api-1.1.2.jar:/Users/ssantillan/.m2/repository/org/junit/jupiter/junit-jupiter-params/5.8.2/junit-jupiter-params-5.8.2.jar:/Users/ssantillan/.m2/repository/org/junit/jupiter/junit-jupiter-engine/5.8.2/junit-jupiter-engine-5.8.2.jar:/Users/ssantillan/.m2/repository/org/junit/platform/junit-platform-engine/1.8.2/junit-platform-engine-1.8.2.jar:/Users/ssantillan/.m2/repository/uk/org/webcompere/system-stubs-jupiter/1.2.0/system-stubs-jupiter-1.2.0.jar:/Users/ssantillan/.m2/repository/uk/org/webcompere/system-stubs-core/1.2.0/system-stubs-core-1.2.0.jar:/Users/ssantillan/.m2/repository/org/mockito/mockito-junit-jupiter/4.1.0/mockito-junit-jupiter-4.1.0.jar:/Users/ssantillan/.m2/repository/org/mockito/mockito-core/4.1.0/mockito-core-4.1.0.jar:/Users/ssantillan/.m2/repository/net/bytebuddy/byte-buddy/1.11.22/byte-buddy-1.11.22.jar:/Users/ssantillan/.m2/repository/net/bytebuddy/byte-buddy-agent/1.11.22/byte-buddy-agent-1.11.22.jar:/Users/ssantillan/.m2/repository/org/objenesis/objenesis/3.2/objenesis-3.2.jar:/Users/ssantillan/.m2/repository/org/springframework/boot/spring-boot-starter-test/2.6.6/spring-boot-starter-test-2.6.6.jar:/Users/ssantillan/.m2/repository/org/springframework/boot/spring-boot-test/2.6.6/spring-boot-test-2.6.6.jar:/Users/ssantillan/.m2/repository/org/springframework/boot/spring-boot-test-autoconfigure/2.6.6/spring-boot-test-autoconfigure-2.6.6.jar:/Users/ssantillan/.m2/repository/com/jayway/jsonpath/json-path/2.6.0/json-path-2.6.0.jar:/Users/ssantillan/.m2/repository/net/minidev/json-smart/2.4.8/json-smart-2.4.8.jar:/Users/ssantillan/.m2/repository/net/minidev/accessors-smart/2.4.8/accessors-smart-2.4.8.jar:/Users/ssantillan/.m2/repository/jakarta/xml/bind/jakarta.xml.bind-api/2.3.3/jakarta.xml.bind-api-2.3.3.jar:/Users/ssantillan/.m2/repository/jakarta/activation/jakarta.activation-api/1.2.2/jakarta.activation-api-1.2.2.jar:/Users/ssantillan/.m2/repository/org/assertj/assertj-core/3.21.0/assertj-core-3.21.0.jar:/Users/ssantillan/.m2/repository/org/hamcrest/hamcrest/2.2/hamcrest-2.2.jar:/Users/ssantillan/.m2/repository/org/skyscreamer/jsonassert/1.5.0/jsonassert-1.5.0.jar:/Users/ssantillan/.m2/repository/com/vaadin/external/google/android-json/0.0.20131108.vaadin1/android-json-0.0.20131108.vaadin1.jar:/Users/ssantillan/.m2/repository/org/springframework/spring-core/5.3.18/spring-core-5.3.18.jar:/Users/ssantillan/.m2/repository/org/springframework/spring-jcl/5.3.18/spring-jcl-5.3.18.jar:/Users/ssantillan/.m2/repository/org/springframework/spring-test/5.3.18/spring-test-5.3.18.jar:/Users/ssantillan/.m2/repository/org/xmlunit/xmlunit-core/2.8.4/xmlunit-core-2.8.4.jar:/Users/ssantillan/.m2/repository/com/mercadolibre/restclient/restclient-core/0.5.4/restclient-core-0.5.4.jar:/Users/ssantillan/.m2/repository/com/mercadolibre/restclient/restclient-http/0.5.4/restclient-http-0.5.4.jar:/Users/ssantillan/.m2/repository/com/google/guava/guava/30.1.1-jre/guava-30.1.1-jre.jar:/Users/ssantillan/.m2/repository/com/google/guava/failureaccess/1.0.1/failureaccess-1.0.1.jar:/Users/ssantillan/.m2/repository/com/google/guava/listenablefuture/9999.0-empty-to-avoid-conflict-with-guava/listenablefuture-9999.0-empty-to-avoid-conflict-with-guava.jar:/Users/ssantillan/.m2/repository/com/google/errorprone/error_prone_annotations/2.5.1/error_prone_annotations-2.5.1.jar:/Users/ssantillan/.m2/repository/com/google/j2objc/j2objc-annotations/1.3/j2objc-annotations-1.3.jar:/Users/ssantillan/.m2/repository/com/mercadolibre/resilience/resilience-core/1.2.2/resilience-core-1.2.2.jar:/Users/ssantillan/.m2/repository/com/mercadolibre/common/client-common/0.0.2/client-common-0.0.2.jar:/Users/ssantillan/.m2/repository/org/apache/commons/commons-text/1.9/commons-text-1.9.jar:/Users/ssantillan/.m2/repository/org/slf4j/slf4j-api/1.7.36/slf4j-api-1.7.36.jar:/Users/ssantillan/.m2/repository/com/mercadolibre/restclient/restclient-core/0.5.4/restclient-core-0.5.4-tests.jar:/Users/ssantillan/.m2/repository/org/springframework/boot/spring-boot-starter-data-jpa/2.6.6/spring-boot-starter-data-jpa-2.6.6.jar:/Users/ssantillan/.m2/repository/org/springframework/boot/spring-boot-starter-aop/2.6.6/spring-boot-starter-aop-2.6.6.jar:/Users/ssantillan/.m2/repository/org/aspectj/aspectjweaver/1.9.7/aspectjweaver-1.9.7.jar:/Users/ssantillan/.m2/repository/org/springframework/boot/spring-boot-starter-jdbc/2.6.6/spring-boot-starter-jdbc-2.6.6.jar:/Users/ssantillan/.m2/repository/com/zaxxer/HikariCP/4.0.3/HikariCP-4.0.3.jar:/Users/ssantillan/.m2/repository/org/springframework/spring-jdbc/5.3.18/spring-jdbc-5.3.18.jar:/Users/ssantillan/.m2/repository/jakarta/transaction/jakarta.transaction-api/1.3.3/jakarta.transaction-api-1.3.3.jar:/Users/ssantillan/.m2/repository/jakarta/persistence/jakarta.persistence-api/2.2.3/jakarta.persistence-api-2.2.3.jar:/Users/ssantillan/.m2/repository/org/hibernate/hibernate-core/5.6.7.Final/hibernate-core-5.6.7.Final.jar:/Users/ssantillan/.m2/repository/org/jboss/logging/jboss-logging/3.4.3.Final/jboss-logging-3.4.3.Final.jar:/Users/ssantillan/.m2/repository/antlr/antlr/2.7.7/antlr-2.7.7.jar:/Users/ssantillan/.m2/repository/org/jboss/jandex/2.4.2.Final/jandex-2.4.2.Final.jar:/Users/ssantillan/.m2/repository/com/fasterxml/classmate/1.5.1/classmate-1.5.1.jar:/Users/ssantillan/.m2/repository/org/hibernate/common/hibernate-commons-annotations/5.1.2.Final/hibernate-commons-annotations-5.1.2.Final.jar:/Users/ssantillan/.m2/repository/org/glassfish/jaxb/jaxb-runtime/2.3.6/jaxb-runtime-2.3.6.jar:/Users/ssantillan/.m2/repository/org/glassfish/jaxb/txw2/2.3.6/txw2-2.3.6.jar:/Users/ssantillan/.m2/repository/com/sun/istack/istack-commons-runtime/3.0.12/istack-commons-runtime-3.0.12.jar:/Users/ssantillan/.m2/repository/com/sun/activation/jakarta.activation/1.2.2/jakarta.activation-1.2.2.jar:/Users/ssantillan/.m2/repository/org/springframework/data/spring-data-jpa/2.6.3/spring-data-jpa-2.6.3.jar:/Users/ssantillan/.m2/repository/org/springframework/data/spring-data-commons/2.6.3/spring-data-commons-2.6.3.jar:/Users/ssantillan/.m2/repository/org/springframework/spring-orm/5.3.18/spring-orm-5.3.18.jar:/Users/ssantillan/.m2/repository/org/springframework/spring-tx/5.3.18/spring-tx-5.3.18.jar:/Users/ssantillan/.m2/repository/org/springframework/spring-aspects/5.3.18/spring-aspects-5.3.18.jar:/Users/ssantillan/.m2/repository/mysql/mysql-connector-java/8.0.16/mysql-connector-java-8.0.16.jar:/Users/ssantillan/.m2/repository/com/h2database/h2/1.4.200/h2-1.4.200.jar:/Users/ssantillan/.m2/repository/com/mercadolibre/spring-boot-starter/0.0.4/spring-boot-starter-0.0.4.jar:/Users/ssantillan/.m2/repository/com/fury/furyutils/0.0.2/furyutils-0.0.2.jar:/Users/ssantillan/.m2/repository/com/googlecode/json-simple/json-simple/1.1.1/json-simple-1.1.1.jar:/Users/ssantillan/.m2/repository/junit/junit/4.13.2/junit-4.13.2.jar:/Users/ssantillan/.m2/repository/org/hamcrest/hamcrest-core/2.2/hamcrest-core-2.2.jar:/Users/ssantillan/.m2/repository/log4j/log4j/1.2.12/log4j-1.2.12.jar:/Users/ssantillan/.m2/repository/org/apache/maven/surefire/surefire-junit-platform/3.0.0-M5/surefire-junit-platform-3.0.0-M5.jar:/Users/ssantillan/.m2/repository/org/apache/maven/surefire/common-java5/3.0.0-M5/common-java5-3.0.0-M5.jar:/Users/ssantillan/.m2/repository/org/junit/platform/junit-platform-launcher/1.8.2/junit-platform-launcher-1.8.2.jar:/Users/ssantillan/.m2/repository/org/jacoco/org.jacoco.agent/0.8.7/org.jacoco.agent-0.8.7-runtime.jar"/>
    <property name="java.vm.vendor" value="Azul Systems, Inc."/>
    <property name="sun.arch.data.model" value="64"/>
    <property name="java.vendor.url" value="http://www.azul.com/"/>
    <property name="user.timezone" value="America/Mexico_City"/>
    <property name="user.country.format" value="MX"/>
    <property name="java.vm.specification.version" value="1.8"/>
    <property name="os.name" value="Mac OS X"/>
    <property name="user.country" value="419"/>
    <property name="sun.java.launcher" value="SUN_STANDARD"/>
    <property name="sun.boot.library.path" value="/Users/ssantillan/.sdkman/candidates/java/8.0.342-zulu/zulu-8.jdk/Contents/Home/jre/lib"/>
    <property name="sun.java.command" value="org.apache.maven.surefire.booter.ForkedBooter /Users/ssantillan/Documents/saedsapgit/saedsap_app/target/surefire 2022-10-14T14-21-03_425-jvmRun1 surefire6702762963836710443tmp surefire_02654564483620113233tmp"/>
    <property name="http.nonProxyHosts" value="local|*.local|169.254/16|*.169.254/16"/>
    <property name="surefire.test.class.path" value="/Users/ssantillan/Documents/saedsapgit/saedsap_app/target/test-classes:/Users/ssantillan/Documents/saedsapgit/saedsap_app/target/classes:/Users/ssantillan/.m2/repository/com/mercadolibre/metrics/metrics-core/0.0.14/metrics-core-0.0.14.jar:/Users/ssantillan/.m2/repository/org/apache/commons/commons-lang3/3.12.0/commons-lang3-3.12.0.jar:/Users/ssantillan/.m2/repository/com/mercadolibre/metrics/datadog-metric-wrapper/0.0.14/datadog-metric-wrapper-0.0.14.jar:/Users/ssantillan/.m2/repository/fury/java/metric_collector/0.2.1/metric_collector-0.2.1.jar:/Users/ssantillan/.m2/repository/com/datadoghq/java-dogstatsd-client/2.4/java-dogstatsd-client-2.4.jar:/Users/ssantillan/.m2/repository/javadog/javadog/0.1.0/javadog-0.1.0.jar:/Users/ssantillan/.m2/repository/org/apache/directory/studio/org.apache.commons.io/2.4/org.apache.commons.io-2.4.jar:/Users/ssantillan/.m2/repository/commons-io/commons-io/2.4/commons-io-2.4.jar:/Users/ssantillan/.m2/repository/com/mercadolibre/threading/0.2.1/threading-0.2.1.jar:/Users/ssantillan/.m2/repository/com/mercadolibre/routing/2.4.1/routing-2.4.1.jar:/Users/ssantillan/.m2/repository/com/mercadolibre/restclient/meli-restclient-context/0.5.3/meli-restclient-context-0.5.3.jar:/Users/ssantillan/.m2/repository/com/mercadolibre/json_jackson/json-jackson/0.1.1/json-jackson-0.1.1.jar:/Users/ssantillan/.m2/repository/com/mercadolibre/json/json-core/0.1.1/json-core-0.1.1.jar:/Users/ssantillan/.m2/repository/com/fasterxml/jackson/core/jackson-databind/2.13.2.2/jackson-databind-2.13.2.2.jar:/Users/ssantillan/.m2/repository/com/fasterxml/jackson/core/jackson-annotations/2.13.2/jackson-annotations-2.13.2.jar:/Users/ssantillan/.m2/repository/com/fasterxml/jackson/module/jackson-module-afterburner/2.13.2/jackson-module-afterburner-2.13.2.jar:/Users/ssantillan/.m2/repository/com/fasterxml/jackson/datatype/jackson-datatype-jsr310/2.13.2/jackson-datatype-jsr310-2.13.2.jar:/Users/ssantillan/.m2/repository/org/springframework/boot/spring-boot-starter-web/2.6.6/spring-boot-starter-web-2.6.6.jar:/Users/ssantillan/.m2/repository/org/springframework/boot/spring-boot-starter/2.6.6/spring-boot-starter-2.6.6.jar:/Users/ssantillan/.m2/repository/org/springframework/boot/spring-boot/2.6.6/spring-boot-2.6.6.jar:/Users/ssantillan/.m2/repository/org/springframework/boot/spring-boot-autoconfigure/2.6.6/spring-boot-autoconfigure-2.6.6.jar:/Users/ssantillan/.m2/repository/org/springframework/boot/spring-boot-starter-logging/2.6.6/spring-boot-starter-logging-2.6.6.jar:/Users/ssantillan/.m2/repository/ch/qos/logback/logback-classic/1.2.11/logback-classic-1.2.11.jar:/Users/ssantillan/.m2/repository/ch/qos/logback/logback-core/1.2.11/logback-core-1.2.11.jar:/Users/ssantillan/.m2/repository/org/apache/logging/log4j/log4j-to-slf4j/2.17.2/log4j-to-slf4j-2.17.2.jar:/Users/ssantillan/.m2/repository/org/apache/logging/log4j/log4j-api/2.17.2/log4j-api-2.17.2.jar:/Users/ssantillan/.m2/repository/org/slf4j/jul-to-slf4j/1.7.36/jul-to-slf4j-1.7.36.jar:/Users/ssantillan/.m2/repository/jakarta/annotation/jakarta.annotation-api/1.3.5/jakarta.annotation-api-1.3.5.jar:/Users/ssantillan/.m2/repository/org/yaml/snakeyaml/1.29/snakeyaml-1.29.jar:/Users/ssantillan/.m2/repository/org/springframework/boot/spring-boot-starter-json/2.6.6/spring-boot-starter-json-2.6.6.jar:/Users/ssantillan/.m2/repository/com/fasterxml/jackson/datatype/jackson-datatype-jdk8/2.13.2/jackson-datatype-jdk8-2.13.2.jar:/Users/ssantillan/.m2/repository/com/fasterxml/jackson/module/jackson-module-parameter-names/2.13.2/jackson-module-parameter-names-2.13.2.jar:/Users/ssantillan/.m2/repository/org/springframework/spring-web/5.3.18/spring-web-5.3.18.jar:/Users/ssantillan/.m2/repository/org/springframework/spring-beans/5.3.18/spring-beans-5.3.18.jar:/Users/ssantillan/.m2/repository/org/springframework/spring-webmvc/5.3.18/spring-webmvc-5.3.18.jar:/Users/ssantillan/.m2/repository/org/springframework/spring-aop/5.3.18/spring-aop-5.3.18.jar:/Users/ssantillan/.m2/repository/org/springframework/spring-context/5.3.18/spring-context-5.3.18.jar:/Users/ssantillan/.m2/repository/org/springframework/spring-expression/5.3.18/spring-expression-5.3.18.jar:/Users/ssantillan/.m2/repository/org/springframework/boot/spring-boot-starter-jetty/2.6.6/spring-boot-starter-jetty-2.6.6.jar:/Users/ssantillan/.m2/repository/jakarta/servlet/jakarta.servlet-api/4.0.4/jakarta.servlet-api-4.0.4.jar:/Users/ssantillan/.m2/repository/jakarta/websocket/jakarta.websocket-api/1.1.2/jakarta.websocket-api-1.1.2.jar:/Users/ssantillan/.m2/repository/org/apache/tomcat/embed/tomcat-embed-el/9.0.60/tomcat-embed-el-9.0.60.jar:/Users/ssantillan/.m2/repository/org/eclipse/jetty/jetty-servlets/9.4.45.v20220203/jetty-servlets-9.4.45.v20220203.jar:/Users/ssantillan/.m2/repository/org/eclipse/jetty/jetty-continuation/9.4.45.v20220203/jetty-continuation-9.4.45.v20220203.jar:/Users/ssantillan/.m2/repository/org/eclipse/jetty/jetty-http/9.4.45.v20220203/jetty-http-9.4.45.v20220203.jar:/Users/ssantillan/.m2/repository/org/eclipse/jetty/jetty-util/9.4.45.v20220203/jetty-util-9.4.45.v20220203.jar:/Users/ssantillan/.m2/repository/org/eclipse/jetty/jetty-io/9.4.45.v20220203/jetty-io-9.4.45.v20220203.jar:/Users/ssantillan/.m2/repository/org/eclipse/jetty/jetty-webapp/9.4.45.v20220203/jetty-webapp-9.4.45.v20220203.jar:/Users/ssantillan/.m2/repository/org/eclipse/jetty/jetty-xml/9.4.45.v20220203/jetty-xml-9.4.45.v20220203.jar:/Users/ssantillan/.m2/repository/org/eclipse/jetty/jetty-servlet/9.4.45.v20220203/jetty-servlet-9.4.45.v20220203.jar:/Users/ssantillan/.m2/repository/org/eclipse/jetty/jetty-security/9.4.45.v20220203/jetty-security-9.4.45.v20220203.jar:/Users/ssantillan/.m2/repository/org/eclipse/jetty/jetty-server/9.4.45.v20220203/jetty-server-9.4.45.v20220203.jar:/Users/ssantillan/.m2/repository/org/eclipse/jetty/jetty-util-ajax/9.4.45.v20220203/jetty-util-ajax-9.4.45.v20220203.jar:/Users/ssantillan/.m2/repository/org/eclipse/jetty/websocket/websocket-server/9.4.45.v20220203/websocket-server-9.4.45.v20220203.jar:/Users/ssantillan/.m2/repository/org/eclipse/jetty/websocket/websocket-common/9.4.45.v20220203/websocket-common-9.4.45.v20220203.jar:/Users/ssantillan/.m2/repository/org/eclipse/jetty/websocket/websocket-api/9.4.45.v20220203/websocket-api-9.4.45.v20220203.jar:/Users/ssantillan/.m2/repository/org/eclipse/jetty/websocket/websocket-client/9.4.45.v20220203/websocket-client-9.4.45.v20220203.jar:/Users/ssantillan/.m2/repository/org/eclipse/jetty/jetty-client/9.4.45.v20220203/jetty-client-9.4.45.v20220203.jar:/Users/ssantillan/.m2/repository/org/eclipse/jetty/websocket/websocket-servlet/9.4.45.v20220203/websocket-servlet-9.4.45.v20220203.jar:/Users/ssantillan/.m2/repository/org/eclipse/jetty/websocket/javax-websocket-server-impl/9.4.45.v20220203/javax-websocket-server-impl-9.4.45.v20220203.jar:/Users/ssantillan/.m2/repository/org/eclipse/jetty/jetty-annotations/9.4.45.v20220203/jetty-annotations-9.4.45.v20220203.jar:/Users/ssantillan/.m2/repository/org/eclipse/jetty/jetty-plus/9.4.45.v20220203/jetty-plus-9.4.45.v20220203.jar:/Users/ssantillan/.m2/repository/org/ow2/asm/asm/9.2/asm-9.2.jar:/Users/ssantillan/.m2/repository/org/ow2/asm/asm-commons/9.2/asm-commons-9.2.jar:/Users/ssantillan/.m2/repository/org/ow2/asm/asm-tree/9.2/asm-tree-9.2.jar:/Users/ssantillan/.m2/repository/org/ow2/asm/asm-analysis/9.2/asm-analysis-9.2.jar:/Users/ssantillan/.m2/repository/org/eclipse/jetty/websocket/javax-websocket-client-impl/9.4.45.v20220203/javax-websocket-client-impl-9.4.45.v20220203.jar:/Users/ssantillan/.m2/repository/com/fasterxml/jackson/module/jackson-module-blackbird/2.13.2/jackson-module-blackbird-2.13.2.jar:/Users/ssantillan/.m2/repository/com/fasterxml/jackson/core/jackson-core/2.13.2/jackson-core-2.13.2.jar:/Users/ssantillan/.m2/repository/org/springdoc/springdoc-openapi-ui/1.6.3/springdoc-openapi-ui-1.6.3.jar:/Users/ssantillan/.m2/repository/org/springdoc/springdoc-openapi-webmvc-core/1.6.3/springdoc-openapi-webmvc-core-1.6.3.jar:/Users/ssantillan/.m2/repository/org/springdoc/springdoc-openapi-common/1.6.3/springdoc-openapi-common-1.6.3.jar:/Users/ssantillan/.m2/repository/io/swagger/core/v3/swagger-models/2.1.12/swagger-models-2.1.12.jar:/Users/ssantillan/.m2/repository/io/swagger/core/v3/swagger-annotations/2.1.12/swagger-annotations-2.1.12.jar:/Users/ssantillan/.m2/repository/io/swagger/core/v3/swagger-integration/2.1.12/swagger-integration-2.1.12.jar:/Users/ssantillan/.m2/repository/io/swagger/core/v3/swagger-core/2.1.12/swagger-core-2.1.12.jar:/Users/ssantillan/.m2/repository/com/fasterxml/jackson/dataformat/jackson-dataformat-yaml/2.13.2/jackson-dataformat-yaml-2.13.2.jar:/Users/ssantillan/.m2/repository/jakarta/validation/jakarta.validation-api/2.0.2/jakarta.validation-api-2.0.2.jar:/Users/ssantillan/.m2/repository/io/github/classgraph/classgraph/4.8.117/classgraph-4.8.117.jar:/Users/ssantillan/.m2/repository/io/github/toolfactory/jvm-driver/4.0.0/jvm-driver-4.0.0.jar:/Users/ssantillan/.m2/repository/io/github/toolfactory/narcissus/1.0.1/narcissus-1.0.1.jar:/Users/ssantillan/.m2/repository/org/webjars/swagger-ui/4.1.3/swagger-ui-4.1.3.jar:/Users/ssantillan/.m2/repository/org/webjars/webjars-locator-core/0.48/webjars-locator-core-0.48.jar:/Users/ssantillan/.m2/repository/com/newrelic/agent/java/newrelic-api/7.4.3/newrelic-api-7.4.3.jar:/Users/ssantillan/.m2/repository/org/junit/jupiter/junit-jupiter/5.8.2/junit-jupiter-5.8.2.jar:/Users/ssantillan/.m2/repository/org/junit/jupiter/junit-jupiter-api/5.8.2/junit-jupiter-api-5.8.2.jar:/Users/ssantillan/.m2/repository/org/opentest4j/opentest4j/1.2.0/opentest4j-1.2.0.jar:/Users/ssantillan/.m2/repository/org/junit/platform/junit-platform-commons/1.8.2/junit-platform-commons-1.8.2.jar:/Users/ssantillan/.m2/repository/org/apiguardian/apiguardian-api/1.1.2/apiguardian-api-1.1.2.jar:/Users/ssantillan/.m2/repository/org/junit/jupiter/junit-jupiter-params/5.8.2/junit-jupiter-params-5.8.2.jar:/Users/ssantillan/.m2/repository/org/junit/jupiter/junit-jupiter-engine/5.8.2/junit-jupiter-engine-5.8.2.jar:/Users/ssantillan/.m2/repository/org/junit/platform/junit-platform-engine/1.8.2/junit-platform-engine-1.8.2.jar:/Users/ssantillan/.m2/repository/uk/org/webcompere/system-stubs-jupiter/1.2.0/system-stubs-jupiter-1.2.0.jar:/Users/ssantillan/.m2/repository/uk/org/webcompere/system-stubs-core/1.2.0/system-stubs-core-1.2.0.jar:/Users/ssantillan/.m2/repository/org/mockito/mockito-junit-jupiter/4.1.0/mockito-junit-jupiter-4.1.0.jar:/Users/ssantillan/.m2/repository/org/mockito/mockito-core/4.1.0/mockito-core-4.1.0.jar:/Users/ssantillan/.m2/repository/net/bytebuddy/byte-buddy/1.11.22/byte-buddy-1.11.22.jar:/Users/ssantillan/.m2/repository/net/bytebuddy/byte-buddy-agent/1.11.22/byte-buddy-agent-1.11.22.jar:/Users/ssantillan/.m2/repository/org/objenesis/objenesis/3.2/objenesis-3.2.jar:/Users/ssantillan/.m2/repository/org/springframework/boot/spring-boot-starter-test/2.6.6/spring-boot-starter-test-2.6.6.jar:/Users/ssantillan/.m2/repository/org/springframework/boot/spring-boot-test/2.6.6/spring-boot-test-2.6.6.jar:/Users/ssantillan/.m2/repository/org/springframework/boot/spring-boot-test-autoconfigure/2.6.6/spring-boot-test-autoconfigure-2.6.6.jar:/Users/ssantillan/.m2/repository/com/jayway/jsonpath/json-path/2.6.0/json-path-2.6.0.jar:/Users/ssantillan/.m2/repository/net/minidev/json-smart/2.4.8/json-smart-2.4.8.jar:/Users/ssantillan/.m2/repository/net/minidev/accessors-smart/2.4.8/accessors-smart-2.4.8.jar:/Users/ssantillan/.m2/repository/jakarta/xml/bind/jakarta.xml.bind-api/2.3.3/jakarta.xml.bind-api-2.3.3.jar:/Users/ssantillan/.m2/repository/jakarta/activation/jakarta.activation-api/1.2.2/jakarta.activation-api-1.2.2.jar:/Users/ssantillan/.m2/repository/org/assertj/assertj-core/3.21.0/assertj-core-3.21.0.jar:/Users/ssantillan/.m2/repository/org/hamcrest/hamcrest/2.2/hamcrest-2.2.jar:/Users/ssantillan/.m2/repository/org/skyscreamer/jsonassert/1.5.0/jsonassert-1.5.0.jar:/Users/ssantillan/.m2/repository/com/vaadin/external/google/android-json/0.0.20131108.vaadin1/android-json-0.0.20131108.vaadin1.jar:/Users/ssantillan/.m2/repository/org/springframework/spring-core/5.3.18/spring-core-5.3.18.jar:/Users/ssantillan/.m2/repository/org/springframework/spring-jcl/5.3.18/spring-jcl-5.3.18.jar:/Users/ssantillan/.m2/repository/org/springframework/spring-test/5.3.18/spring-test-5.3.18.jar:/Users/ssantillan/.m2/repository/org/xmlunit/xmlunit-core/2.8.4/xmlunit-core-2.8.4.jar:/Users/ssantillan/.m2/repository/com/mercadolibre/restclient/restclient-core/0.5.4/restclient-core-0.5.4.jar:/Users/ssantillan/.m2/repository/com/mercadolibre/restclient/restclient-http/0.5.4/restclient-http-0.5.4.jar:/Users/ssantillan/.m2/repository/com/google/guava/guava/30.1.1-jre/guava-30.1.1-jre.jar:/Users/ssantillan/.m2/repository/com/google/guava/failureaccess/1.0.1/failureaccess-1.0.1.jar:/Users/ssantillan/.m2/repository/com/google/guava/listenablefuture/9999.0-empty-to-avoid-conflict-with-guava/listenablefuture-9999.0-empty-to-avoid-conflict-with-guava.jar:/Users/ssantillan/.m2/repository/com/google/errorprone/error_prone_annotations/2.5.1/error_prone_annotations-2.5.1.jar:/Users/ssantillan/.m2/repository/com/google/j2objc/j2objc-annotations/1.3/j2objc-annotations-1.3.jar:/Users/ssantillan/.m2/repository/com/mercadolibre/resilience/resilience-core/1.2.2/resilience-core-1.2.2.jar:/Users/ssantillan/.m2/repository/com/mercadolibre/common/client-common/0.0.2/client-common-0.0.2.jar:/Users/ssantillan/.m2/repository/org/apache/commons/commons-text/1.9/commons-text-1.9.jar:/Users/ssantillan/.m2/repository/org/slf4j/slf4j-api/1.7.36/slf4j-api-1.7.36.jar:/Users/ssantillan/.m2/repository/com/mercadolibre/restclient/restclient-core/0.5.4/restclient-core-0.5.4-tests.jar:/Users/ssantillan/.m2/repository/org/springframework/boot/spring-boot-starter-data-jpa/2.6.6/spring-boot-starter-data-jpa-2.6.6.jar:/Users/ssantillan/.m2/repository/org/springframework/boot/spring-boot-starter-aop/2.6.6/spring-boot-starter-aop-2.6.6.jar:/Users/ssantillan/.m2/repository/org/aspectj/aspectjweaver/1.9.7/aspectjweaver-1.9.7.jar:/Users/ssantillan/.m2/repository/org/springframework/boot/spring-boot-starter-jdbc/2.6.6/spring-boot-starter-jdbc-2.6.6.jar:/Users/ssantillan/.m2/repository/com/zaxxer/HikariCP/4.0.3/HikariCP-4.0.3.jar:/Users/ssantillan/.m2/repository/org/springframework/spring-jdbc/5.3.18/spring-jdbc-5.3.18.jar:/Users/ssantillan/.m2/repository/jakarta/transaction/jakarta.transaction-api/1.3.3/jakarta.transaction-api-1.3.3.jar:/Users/ssantillan/.m2/repository/jakarta/persistence/jakarta.persistence-api/2.2.3/jakarta.persistence-api-2.2.3.jar:/Users/ssantillan/.m2/repository/org/hibernate/hibernate-core/5.6.7.Final/hibernate-core-5.6.7.Final.jar:/Users/ssantillan/.m2/repository/org/jboss/logging/jboss-logging/3.4.3.Final/jboss-logging-3.4.3.Final.jar:/Users/ssantillan/.m2/repository/antlr/antlr/2.7.7/antlr-2.7.7.jar:/Users/ssantillan/.m2/repository/org/jboss/jandex/2.4.2.Final/jandex-2.4.2.Final.jar:/Users/ssantillan/.m2/repository/com/fasterxml/classmate/1.5.1/classmate-1.5.1.jar:/Users/ssantillan/.m2/repository/org/hibernate/common/hibernate-commons-annotations/5.1.2.Final/hibernate-commons-annotations-5.1.2.Final.jar:/Users/ssantillan/.m2/repository/org/glassfish/jaxb/jaxb-runtime/2.3.6/jaxb-runtime-2.3.6.jar:/Users/ssantillan/.m2/repository/org/glassfish/jaxb/txw2/2.3.6/txw2-2.3.6.jar:/Users/ssantillan/.m2/repository/com/sun/istack/istack-commons-runtime/3.0.12/istack-commons-runtime-3.0.12.jar:/Users/ssantillan/.m2/repository/com/sun/activation/jakarta.activation/1.2.2/jakarta.activation-1.2.2.jar:/Users/ssantillan/.m2/repository/org/springframework/data/spring-data-jpa/2.6.3/spring-data-jpa-2.6.3.jar:/Users/ssantillan/.m2/repository/org/springframework/data/spring-data-commons/2.6.3/spring-data-commons-2.6.3.jar:/Users/ssantillan/.m2/repository/org/springframework/spring-orm/5.3.18/spring-orm-5.3.18.jar:/Users/ssantillan/.m2/repository/org/springframework/spring-tx/5.3.18/spring-tx-5.3.18.jar:/Users/ssantillan/.m2/repository/org/springframework/spring-aspects/5.3.18/spring-aspects-5.3.18.jar:/Users/ssantillan/.m2/repository/mysql/mysql-connector-java/8.0.16/mysql-connector-java-8.0.16.jar:/Users/ssantillan/.m2/repository/com/h2database/h2/1.4.200/h2-1.4.200.jar:/Users/ssantillan/.m2/repository/com/mercadolibre/spring-boot-starter/0.0.4/spring-boot-starter-0.0.4.jar:/Users/ssantillan/.m2/repository/com/fury/furyutils/0.0.2/furyutils-0.0.2.jar:/Users/ssantillan/.m2/repository/com/googlecode/json-simple/json-simple/1.1.1/json-simple-1.1.1.jar:/Users/ssantillan/.m2/repository/junit/junit/4.13.2/junit-4.13.2.jar:/Users/ssantillan/.m2/repository/org/hamcrest/hamcrest-core/2.2/hamcrest-core-2.2.jar:/Users/ssantillan/.m2/repository/log4j/log4j/1.2.12/log4j-1.2.12.jar:"/>
    <property name="sun.cpu.endian" value="little"/>
    <property name="user.home" value="/Users/ssantillan"/>
    <property name="user.language" value="es"/>
    <property name="java.specification.vendor" value="Oracle Corporation"/>
    <property name="java.home" value="/Users/ssantillan/.sdkman/candidates/java/8.0.342-zulu/zulu-8.jdk/Contents/Home/jre"/>
    <property name="SCOPE_SUFFIX" value="local"/>
    <property name="basedir" value="/Users/ssantillan/Documents/saedsapgit/saedsap_app"/>
    <property name="file.separator" value="/"/>
    <property name="line.separator" value="&#10;"/>
    <property name="jdk.vendor.version" value="Zulu 8.64.0.15-CA-macosx"/>
    <property name="java.vm.specification.vendor" value="Oracle Corporation"/>
    <property name="java.specification.name" value="Java Platform API Specification"/>
    <property name="FILE_LOG_CHARSET" value="UTF-8"/>
    <property name="java.awt.graphicsenv" value="sun.awt.CGraphicsEnvironment"/>
    <property name="java.awt.headless" value="true"/>
    <property name="sun.boot.class.path" value="/Users/ssantillan/.sdkman/candidates/java/8.0.342-zulu/zulu-8.jdk/Contents/Home/jre/lib/resources.jar:/Users/ssantillan/.sdkman/candidates/java/8.0.342-zulu/zulu-8.jdk/Contents/Home/jre/lib/rt.jar:/Users/ssantillan/.sdkman/candidates/java/8.0.342-zulu/zulu-8.jdk/Contents/Home/jre/lib/sunrsasign.jar:/Users/ssantillan/.sdkman/candidates/java/8.0.342-zulu/zulu-8.jdk/Contents/Home/jre/lib/jsse.jar:/Users/ssantillan/.sdkman/candidates/java/8.0.342-zulu/zulu-8.jdk/Contents/Home/jre/lib/jce.jar:/Users/ssantillan/.sdkman/candidates/java/8.0.342-zulu/zulu-8.jdk/Contents/Home/jre/lib/charsets.jar:/Users/ssantillan/.sdkman/candidates/java/8.0.342-zulu/zulu-8.jdk/Contents/Home/jre/lib/jfr.jar:/Users/ssantillan/.sdkman/candidates/java/8.0.342-zulu/zulu-8.jdk/Contents/Home/jre/lib/cat.jar:/Users/ssantillan/.sdkman/candidates/java/8.0.342-zulu/zulu-8.jdk/Contents/Home/jre/classes"/>
    <property name="sun.management.compiler" value="HotSpot 64-Bit Tiered Compilers"/>
    <property name="ftp.nonProxyHosts" value="local|*.local|169.254/16|*.169.254/16"/>
    <property name="java.runtime.version" value="1.8.0_342-b07"/>
    <property name="user.name" value="ssantillan"/>
    <property name="path.separator" value=":"/>
    <property name="os.version" value="10.16"/>
    <property name="java.endorsed.dirs" value="/Users/ssantillan/.sdkman/candidates/java/8.0.342-zulu/zulu-8.jdk/Contents/Home/jre/lib/endorsed"/>
    <property name="java.runtime.name" value="OpenJDK Runtime Environment"/>
    <property name="file.encoding" value="UTF-8"/>
    <property name="spring.beaninfo.ignore" value="true"/>
    <property name="java.vm.name" value="OpenJDK 64-Bit Server VM"/>
    <property name="localRepository" value="/Users/ssantillan/.m2/repository"/>
    <property name="java.vendor.url.bug" value="http://www.azul.com/support/"/>
    <property name="jetty.git.hash" value="4a0c91c0be53805e3fcffdcdcc9587d5301863db"/>
    <property name="java.io.tmpdir" value="/var/folders/48/cxwt_70n2tq16y6zbw9ps71hj1lql9/T/"/>
    <property name="idea.version" value="2020.3.2"/>
    <property name="com.zaxxer.hikari.pool_number" value="2"/>
    <property name="java.version" value="1.8.0_342"/>
    <property name="user.dir" value="/Users/ssantillan/Documents/saedsapgit/saedsap_app"/>
    <property name="os.arch" value="x86_64"/>
    <property name="java.vm.specification.name" value="Java Virtual Machine Specification"/>
    <property name="PID" value="1312"/>
    <property name="java.awt.printerjob" value="sun.lwawt.macosx.CPrinterJob"/>
    <property name="sun.os.patch.level" value="unknown"/>
    <property name="CONSOLE_LOG_CHARSET" value="UTF-8"/>
    <property name="java.library.path" value="/Users/ssantillan/Library/Java/Extensions:/Library/Java/Extensions:/Network/Library/Java/Extensions:/System/Library/Java/Extensions:/usr/lib/java:."/>
    <property name="java.vm.info" value="mixed mode"/>
    <property name="java.vendor" value="Azul Systems, Inc."/>
    <property name="java.vm.version" value="25.342-b07"/>
    <property name="java.ext.dirs" value="/Users/ssantillan/Library/Java/Extensions:/Users/ssantillan/.sdkman/candidates/java/8.0.342-zulu/zulu-8.jdk/Contents/Home/jre/lib/ext:/Library/Java/Extensions:/Network/Library/Java/Extensions:/System/Library/Java/Extensions:/usr/lib/java"/>
    <property name="sun.io.unicode.encoding" value="UnicodeBig"/>
    <property name="java.class.version" value="52.0"/>
    <property name="socksNonProxyHosts" value="local|*.local|169.254/16|*.169.254/16"/>
  </properties>
  <testcase name="parserTransaccionesREJECT" classname="com.mercadolibre.saedsap_demo_app.service.ParserXMLTest" time="0.009">
    <system-out><![CDATA[14:21:25.413 [main] INFO  c.m.s.service.ParserXML - Parseamos documento 
14:21:25.417 [main] INFO  c.m.s.service.ParserXML - tamaño de total tran 2
14:21:25.417 [main] INFO  c.m.s.service.ParserXML - Obtener las transacciones con BTM
14:21:25.418 [main] INFO  c.m.s.service.ParserXML - Elimina nodo OrgnlGrpInfAndSts
14:21:25.419 [main] INFO  c.m.s.service.ParserXML - transaccion con sts RJCT
14:21:25.422 [main] INFO  c.m.s.service.ParserXML - <?xml version="1.0" encoding="UTF-8"?><Document xmlns="urn:iso:std:iso:20022:tech:xsd:pain.002.001.03" xmlns:xsi="http://www.w3.org/2001/XMLSchema-instance"><CstmrPmtStsRpt><GrpHdr><MsgId>CITIBANK/20220513-PSR/6448280</MsgId><CreDtTm>2022-05-13T11:10:59</CreDtTm><InitgPty><Id><OrgId><BICOrBEI>CITIUS33</BICOrBEI></OrgId></Id></InitgPty></GrpHdr><OrgnlPmtInfAndSts><OrgnlPmtInfId>mlu:withdraw:citibank:1652410200000</OrgnlPmtInfId><TxInfAndSts><OrgnlEndToEndId>BTM22314631276</OrgnlEndToEndId><TxSts>RJCT</TxSts><StsRsnInf><Orgtr><Nm>CitiDirect</Nm></Orgtr><Rsn><Cd>NARR</Cd></Rsn><AddtlInf>/99999999/CB RejectedNo account / Unable to Locate Account (R03 in US-ACH) (LA_83)</AddtlInf></StsRsnInf><AcctSvcrRef>04986885700000029</AcctSvcrRef><OrgnlTxRef><Amt><InstdAmt Ccy="UYU">1490</InstdAmt></Amt><ReqdExctnDt>2022-05-13</ReqdExctnDt><PmtTpInf><SvcLvl><Cd>NURG</Cd></SvcLvl><LclInstrm><Prtry>441</Prtry></LclInstrm></PmtTpInf><PmtMtd>TRF</PmtMtd><Dbtr><Nm>MERCADOPAGO S.A</Nm><PstlAdr><Ctry>UY</Ctry></PstlAdr></Dbtr><DbtrAcct><Id><Othr><Id>0061140026</Id></Othr></Id><Tp><Prtry>CACC</Prtry></Tp></DbtrAcct><DbtrAgt><FinInstnId><BIC>CITIUYMMXXX</BIC><ClrSysMmbId><MmbId>Uruguay</MmbId></ClrSysMmbId><PstlAdr><Ctry>UY</Ctry></PstlAdr></FinInstnId><BrnchId><Id>858</Id></BrnchId></DbtrAgt><CdtrAgt><FinInstnId><ClrSysMmbId><MmbId>001</MmbId></ClrSysMmbId></FinInstnId><BrnchId><Id>0001</Id></BrnchId></CdtrAgt><Cdtr><Nm>Carmen Maclean</Nm></Cdtr><CdtrAcct><Id><Othr><Id>01044717525185</Id></Othr></Id><Tp><Prtry>CACC</Prtry></Tp></CdtrAcct></OrgnlTxRef></TxInfAndSts></OrgnlPmtInfAndSts></CstmrPmtStsRpt></Document>
]]></system-out>
  </testcase>
  <testcase name="parserTransaccionessinBTM" classname="com.mercadolibre.saedsap_demo_app.service.ParserXMLTest" time="0.007">
    <system-out><![CDATA[14:21:25.424 [main] INFO  c.m.s.service.ParserXML - Parseamos documento 
14:21:25.428 [main] INFO  c.m.s.service.ParserXML - tamaño de total tran 4
14:21:25.429 [main] INFO  c.m.s.service.ParserXML - Obtener las transacciones con BTM
]]></system-out>
  </testcase>
  <testcase name="parserTransaccionesACCEPT" classname="com.mercadolibre.saedsap_demo_app.service.ParserXMLTest" time="0.011">
    <system-out><![CDATA[14:21:25.431 [main] INFO  c.m.s.service.ParserXML - Parseamos documento 
14:21:25.435 [main] INFO  c.m.s.service.ParserXML - tamaño de total tran 4
14:21:25.435 [main] INFO  c.m.s.service.ParserXML - Obtener las transacciones con BTM
14:21:25.437 [main] INFO  c.m.s.service.ParserXML - Elimina nodo OrgnlGrpInfAndSts
14:21:25.441 [main] INFO  c.m.s.service.ParserXML - <?xml version="1.0" encoding="UTF-8"?><Document xmlns="urn:iso:std:iso:20022:tech:xsd:pain.002.001.03" xmlns:xsi="http://www.w3.org/2001/XMLSchema-instance"><CstmrPmtStsRpt><GrpHdr><MsgId>CITIBANK/20220513-PSR/6448806</MsgId><CreDtTm>2022-05-13T11:40:48</CreDtTm><InitgPty><Id><OrgId><BICOrBEI>CITIUS33</BICOrBEI></OrgId></Id></InitgPty></GrpHdr><OrgnlPmtInfAndSts><OrgnlPmtInfId>mlu:withdraw:citibank:1652412300000</OrgnlPmtInfId><TxInfAndSts><OrgnlEndToEndId>BTM22315186494</OrgnlEndToEndId><TxSts>ACSP</TxSts><StsRsnInf><Orgtr><Nm>CitiDirect</Nm></Orgtr><Rsn><Cd>NARR</Cd></Rsn><AddtlInf>/00000000/CB Processed</AddtlInf></StsRsnInf><AcctSvcrRef>04986885000000003</AcctSvcrRef><OrgnlTxRef><Amt><InstdAmt Ccy="UYU">5089.9</InstdAmt></Amt><ReqdExctnDt>2022-05-13</ReqdExctnDt><PmtTpInf><SvcLvl><Cd>NURG</Cd></SvcLvl><LclInstrm><Prtry>441</Prtry></LclInstrm></PmtTpInf><PmtMtd>TRF</PmtMtd><Dbtr><Nm>MERCADOPAGO S.A</Nm><PstlAdr><Ctry>UY</Ctry></PstlAdr></Dbtr><DbtrAcct><Id><Othr><Id>0061140026</Id></Othr></Id><Tp><Prtry>CACC</Prtry></Tp></DbtrAcct><DbtrAgt><FinInstnId><BIC>CITIUYMMXXX</BIC><ClrSysMmbId><MmbId>Uruguay</MmbId></ClrSysMmbId><PstlAdr><Ctry>UY</Ctry></PstlAdr></FinInstnId><BrnchId><Id>858</Id></BrnchId></DbtrAgt><CdtrAgt><FinInstnId><ClrSysMmbId><MmbId>113</MmbId></ClrSysMmbId></FinInstnId><BrnchId><Id>0001</Id></BrnchId></CdtrAgt><Cdtr><Nm>Vilmar Quiroga Silveira</Nm></Cdtr><CdtrAcct><Id><Othr><Id>9477951</Id></Othr></Id><Tp><Prtry>CACC</Prtry></Tp></CdtrAcct></OrgnlTxRef></TxInfAndSts></OrgnlPmtInfAndSts></CstmrPmtStsRpt></Document>
14:21:25.441 [main] INFO  c.m.s.service.ParserXML - <?xml version="1.0" encoding="UTF-8"?><Document xmlns="urn:iso:std:iso:20022:tech:xsd:pain.002.001.03" xmlns:xsi="http://www.w3.org/2001/XMLSchema-instance"><CstmrPmtStsRpt><GrpHdr><MsgId>CITIBANK/20220513-PSR/6448806</MsgId><CreDtTm>2022-05-13T11:40:48</CreDtTm><InitgPty><Id><OrgId><BICOrBEI>CITIUS33</BICOrBEI></OrgId></Id></InitgPty></GrpHdr><OrgnlPmtInfAndSts><OrgnlPmtInfId>mlu:withdraw:citibank:1652412300000</OrgnlPmtInfId><TxInfAndSts><OrgnlEndToEndId>BTM22315186494</OrgnlEndToEndId><TxSts>ACSP</TxSts><StsRsnInf><Orgtr><Nm>CitiDirect</Nm></Orgtr><Rsn><Cd>NARR</Cd></Rsn><AddtlInf>/00000000/CB Processed</AddtlInf></StsRsnInf><AcctSvcrRef>04986885000000003</AcctSvcrRef><OrgnlTxRef><Amt><InstdAmt Ccy="UYU">6899.9</InstdAmt></Amt><ReqdExctnDt>2022-05-13</ReqdExctnDt><PmtTpInf><SvcLvl><Cd>NURG</Cd></SvcLvl><LclInstrm><Prtry>441</Prtry></LclInstrm></PmtTpInf><PmtMtd>TRF</PmtMtd><Dbtr><Nm>MERCADOPAGO S.A</Nm><PstlAdr><Ctry>UY</Ctry></PstlAdr></Dbtr><DbtrAcct><Id><Othr><Id>0061140026</Id></Othr></Id><Tp><Prtry>CACC</Prtry></Tp></DbtrAcct><DbtrAgt><FinInstnId><BIC>CITIUYMMXXX</BIC><ClrSysMmbId><MmbId>Uruguay</MmbId></ClrSysMmbId><PstlAdr><Ctry>UY</Ctry></PstlAdr></FinInstnId><BrnchId><Id>858</Id></BrnchId></DbtrAgt><CdtrAgt><FinInstnId><ClrSysMmbId><MmbId>113</MmbId></ClrSysMmbId></FinInstnId><BrnchId><Id>0001</Id></BrnchId></CdtrAgt><Cdtr><Nm>Vilmar Quiroga Silveira</Nm></Cdtr><CdtrAcct><Id><Othr><Id>9477951</Id></Othr></Id><Tp><Prtry>CACC</Prtry></Tp></CdtrAcct></OrgnlTxRef></TxInfAndSts></OrgnlPmtInfAndSts></CstmrPmtStsRpt></Document>
14:21:25.441 [main] INFO  c.m.s.service.ParserXML - <?xml version="1.0" encoding="UTF-8"?><Document xmlns="urn:iso:std:iso:20022:tech:xsd:pain.002.001.03" xmlns:xsi="http://www.w3.org/2001/XMLSchema-instance"><CstmrPmtStsRpt><GrpHdr><MsgId>CITIBANK/20220513-PSR/6448806</MsgId><CreDtTm>2022-05-13T11:40:48</CreDtTm><InitgPty><Id><OrgId><BICOrBEI>CITIUS33</BICOrBEI></OrgId></Id></InitgPty></GrpHdr><OrgnlPmtInfAndSts><OrgnlPmtInfId>mlu:withdraw:citibank:1652412300000</OrgnlPmtInfId><TxInfAndSts><OrgnlEndToEndId>BTM22315186494</OrgnlEndToEndId><TxSts>ACSP</TxSts><StsRsnInf><Orgtr><Nm>CitiDirect</Nm></Orgtr><Rsn><Cd>NARR</Cd></Rsn><AddtlInf>/00000000/CB Processed</AddtlInf></StsRsnInf><AcctSvcrRef>04986885000000003</AcctSvcrRef><OrgnlTxRef><Amt><InstdAmt Ccy="UYU">900900.9</InstdAmt></Amt><ReqdExctnDt>2022-05-13</ReqdExctnDt><PmtTpInf><SvcLvl><Cd>NURG</Cd></SvcLvl><LclInstrm><Prtry>441</Prtry></LclInstrm></PmtTpInf><PmtMtd>TRF</PmtMtd><Dbtr><Nm>MERCADOPAGO S.A</Nm><PstlAdr><Ctry>UY</Ctry></PstlAdr></Dbtr><DbtrAcct><Id><Othr><Id>0061140026</Id></Othr></Id><Tp><Prtry>CACC</Prtry></Tp></DbtrAcct><DbtrAgt><FinInstnId><BIC>CITIUYMMXXX</BIC><ClrSysMmbId><MmbId>Uruguay</MmbId></ClrSysMmbId><PstlAdr><Ctry>UY</Ctry></PstlAdr></FinInstnId><BrnchId><Id>858</Id></BrnchId></DbtrAgt><CdtrAgt><FinInstnId><ClrSysMmbId><MmbId>113</MmbId></ClrSysMmbId></FinInstnId><BrnchId><Id>0001</Id></BrnchId></CdtrAgt><Cdtr><Nm>Vilmar Quiroga Silveira</Nm></Cdtr><CdtrAcct><Id><Othr><Id>9477951</Id></Othr></Id><Tp><Prtry>CACC</Prtry></Tp></CdtrAcct></OrgnlTxRef></TxInfAndSts></OrgnlPmtInfAndSts></CstmrPmtStsRpt></Document>
]]></system-out>
  </testcase>
</testsuite>